ARM GAS  /tmp/cc4G1Wky.s 			page 1


   1              		.syntax unified
   2              		.cpu cortex-m3
   3              		.fpu softvfp
   4              		.eabi_attribute 20, 1
   5              		.eabi_attribute 21, 1
   6              		.eabi_attribute 23, 3
   7              		.eabi_attribute 24, 1
   8              		.eabi_attribute 25, 1
   9              		.eabi_attribute 26, 1
  10              		.eabi_attribute 30, 1
  11              		.eabi_attribute 34, 1
  12              		.eabi_attribute 18, 4
  13              		.thumb
  14              		.syntax unified
  15              		.file	"main.c"
  16              		.text
  17              	.Ltext0:
  18              		.cfi_sections	.debug_frame
  19              		.section	.text.RCCConfig,"ax",%progbits
  20              		.align	2
  21              		.global	RCCConfig
  22              		.thumb
  23              		.thumb_func
  25              	RCCConfig:
  26              	.LFB29:
  27              		.file 1 "main.c"
   1:main.c        **** #include "library/cmsis/inc/stm32f103xb.h"
   2:main.c        **** #include "library/cmsis/inc/system_stm32f1xx.h"
   3:main.c        **** #include "library/usb/usb.h"
   4:main.c        **** 
   5:main.c        **** uint16_t *buffSend[64];
   6:main.c        **** /*
   7:main.c        ****  * Name: RCCConfig
   8:main.c        ****  * Description: System Clock Configuration
   9:main.c        ****  * Parametrs: none
  10:main.c        ****  */
  11:main.c        **** void RCCConfig(void){
  28              		.loc 1 11 0
  29              		.cfi_startproc
  30              		@ args = 0, pretend = 0, frame = 0
  31              		@ frame_needed = 0, uses_anonymous_args = 0
  32              		@ link register save eliminated.
  12:main.c        **** 
  13:main.c        ****  	RCC->CR |= RCC_CR_HSEON;               /* Run HSE */
  33              		.loc 1 13 0
  34 0000 224A     		ldr	r2, .L5
  35 0002 1368     		ldr	r3, [r2]
  36 0004 43F48033 		orr	r3, r3, #65536
  37 0008 1360     		str	r3, [r2]
  38              	.L2:
  14:main.c        ****  	while((RCC->CR & RCC_CR_HSERDY) == 0); /* Waiting to switch to PLL HSE */
  39              		.loc 1 14 0 discriminator 1
  40 000a 204B     		ldr	r3, .L5
  41 000c 1B68     		ldr	r3, [r3]
  42 000e 13F4003F 		tst	r3, #131072
  43 0012 FAD0     		beq	.L2
  15:main.c        ****  	
ARM GAS  /tmp/cc4G1Wky.s 			page 2


  16:main.c        ****  	RCC->CFGR |= RCC_CFGR_HPRE_DIV1 | RCC_CFGR_PPRE2_DIV1 | RCC_CFGR_PPRE1_DIV1; /* HCLK = SYSCLK ;  
  44              		.loc 1 16 0
  45 0014 1D4B     		ldr	r3, .L5
  46 0016 5A68     		ldr	r2, [r3, #4]
  47 0018 5A60     		str	r2, [r3, #4]
  17:main.c        ****  	RCC->CFGR &= ~((RCC_CFGR_PLLSRC | RCC_CFGR_PLLXTPRE | RCC_CFGR_PLLMULL));    /* Clear */
  48              		.loc 1 17 0
  49 001a 5A68     		ldr	r2, [r3, #4]
  50 001c 22F47C12 		bic	r2, r2, #4128768
  51 0020 5A60     		str	r2, [r3, #4]
  18:main.c        ****  	
  19:main.c        ****  	RCC->CFGR |= RCC_CFGR_PLLSRC; 		   /* Clock PLL to HSE (8 MHz) */
  52              		.loc 1 19 0
  53 0022 5A68     		ldr	r2, [r3, #4]
  54 0024 42F48032 		orr	r2, r2, #65536
  55 0028 5A60     		str	r2, [r3, #4]
  20:main.c        **** 	RCC->CFGR |= RCC_CFGR_PLLMULL9;        /* Multiply frequency on 9 (8*9=72 MHz) */
  56              		.loc 1 20 0
  57 002a 5A68     		ldr	r2, [r3, #4]
  58 002c 42F4E012 		orr	r2, r2, #1835008
  59 0030 5A60     		str	r2, [r3, #4]
  21:main.c        **** 	RCC->CR |= RCC_CR_PLLON; 			   /* Run PLL */
  60              		.loc 1 21 0
  61 0032 1A68     		ldr	r2, [r3]
  62 0034 42F08072 		orr	r2, r2, #16777216
  63 0038 1A60     		str	r2, [r3]
  64              	.L3:
  22:main.c        **** 	while((RCC->CR & RCC_CR_PLLRDY) == 0); /* Waiting to switch to PLL */
  65              		.loc 1 22 0 discriminator 1
  66 003a 144B     		ldr	r3, .L5
  67 003c 1B68     		ldr	r3, [r3]
  68 003e 13F0007F 		tst	r3, #33554432
  69 0042 FAD0     		beq	.L3
  23:main.c        **** 	
  24:main.c        **** 	RCC->CFGR &= ~RCC_CFGR_SW; 							 /* Clear bits SW0, SW1 */
  70              		.loc 1 24 0
  71 0044 114B     		ldr	r3, .L5
  72 0046 5A68     		ldr	r2, [r3, #4]
  73 0048 22F00302 		bic	r2, r2, #3
  74 004c 5A60     		str	r2, [r3, #4]
  25:main.c        **** 	RCC->CFGR |= RCC_CFGR_SW_PLL; 						 /* PLL selected as system clock */
  75              		.loc 1 25 0
  76 004e 5A68     		ldr	r2, [r3, #4]
  77 0050 42F00202 		orr	r2, r2, #2
  78 0054 5A60     		str	r2, [r3, #4]
  79              	.L4:
  26:main.c        **** 	while((RCC->CFGR & RCC_CFGR_SWS) != RCC_CFGR_SWS_1); /* Waiting to switch to PLL */
  80              		.loc 1 26 0 discriminator 1
  81 0056 0D4B     		ldr	r3, .L5
  82 0058 5B68     		ldr	r3, [r3, #4]
  83 005a 03F00C03 		and	r3, r3, #12
  84 005e 082B     		cmp	r3, #8
  85 0060 F9D1     		bne	.L4
  27:main.c        **** 	
  28:main.c        **** 	FLASH->ACR |= FLASH_ACR_PRFTBE;      /* On prefetch buffer */
  86              		.loc 1 28 0
  87 0062 0B4B     		ldr	r3, .L5+4
ARM GAS  /tmp/cc4G1Wky.s 			page 3


  88 0064 1A68     		ldr	r2, [r3]
  89 0066 42F01002 		orr	r2, r2, #16
  90 006a 1A60     		str	r2, [r3]
  29:main.c        ****  	FLASH->ACR |= FLASH_ACR_LATENCY_2;   /* Skip 2 measures */
  91              		.loc 1 29 0
  92 006c 1A68     		ldr	r2, [r3]
  93 006e 42F00402 		orr	r2, r2, #4
  94 0072 1A60     		str	r2, [r3]
  30:main.c        **** 
  31:main.c        **** 	RCC->CFGR &= ~RCC_CFGR_USBPRE; 	  		/* Prescaler USB 1.5 */
  95              		.loc 1 31 0
  96 0074 A3F58053 		sub	r3, r3, #4096
  97 0078 5A68     		ldr	r2, [r3, #4]
  98 007a 22F48002 		bic	r2, r2, #4194304
  99 007e 5A60     		str	r2, [r3, #4]
  32:main.c        **** 	RCC->APB2ENR |= RCC_APB2ENR_IOPAEN | RCC_APB2ENR_IOPCEN | RCC_APB2ENR_AFIOEN; /* GPIO clock enable
 100              		.loc 1 32 0
 101 0080 9A69     		ldr	r2, [r3, #24]
 102 0082 42F01502 		orr	r2, r2, #21
 103 0086 9A61     		str	r2, [r3, #24]
 104 0088 7047     		bx	lr
 105              	.L6:
 106 008a 00BF     		.align	2
 107              	.L5:
 108 008c 00100240 		.word	1073876992
 109 0090 00200240 		.word	1073881088
 110              		.cfi_endproc
 111              	.LFE29:
 113              		.section	.text.GPIOConfig,"ax",%progbits
 114              		.align	2
 115              		.global	GPIOConfig
 116              		.thumb
 117              		.thumb_func
 119              	GPIOConfig:
 120              	.LFB30:
  33:main.c        **** 
  34:main.c        **** 
  35:main.c        **** }
  36:main.c        **** /*
  37:main.c        ****  * Name: GPIOConfig
  38:main.c        ****  * Description: GPIO Configuration
  39:main.c        ****  * Parametrs: none
  40:main.c        ****  */
  41:main.c        **** void GPIOConfig(void){
 121              		.loc 1 41 0
 122              		.cfi_startproc
 123              		@ args = 0, pretend = 0, frame = 0
 124              		@ frame_needed = 0, uses_anonymous_args = 0
 125              		@ link register save eliminated.
  42:main.c        **** 	GPIOA->CRH |= GPIO_CRH_MODE11_1 | GPIO_CRH_MODE12_1 
 126              		.loc 1 42 0
 127 0000 054A     		ldr	r2, .L8
 128 0002 5368     		ldr	r3, [r2, #4]
 129 0004 43F42A23 		orr	r3, r3, #696320
 130 0008 5360     		str	r3, [r2, #4]
  43:main.c        **** 			   |  GPIO_CRH_CNF11_1  | GPIO_CRH_CNF12_1;
  44:main.c        **** 	
ARM GAS  /tmp/cc4G1Wky.s 			page 4


  45:main.c        **** 	GPIOC->CRH |= GPIO_CRH_MODE13 | GPIO_CRH_CNF13_0; 
 131              		.loc 1 45 0
 132 000a 02F50062 		add	r2, r2, #2048
 133 000e 5368     		ldr	r3, [r2, #4]
 134 0010 43F4E003 		orr	r3, r3, #7340032
 135 0014 5360     		str	r3, [r2, #4]
 136 0016 7047     		bx	lr
 137              	.L9:
 138              		.align	2
 139              	.L8:
 140 0018 00080140 		.word	1073809408
 141              		.cfi_endproc
 142              	.LFE30:
 144              		.section	.text.Config,"ax",%progbits
 145              		.align	2
 146              		.global	Config
 147              		.thumb
 148              		.thumb_func
 150              	Config:
 151              	.LFB31:
  46:main.c        **** }
  47:main.c        **** 
  48:main.c        **** /*
  49:main.c        ****  * Name: Config
  50:main.c        ****  * Description: STM32 Configuration
  51:main.c        ****  * Parametrs: none
  52:main.c        ****  */
  53:main.c        **** void Config(void){
 152              		.loc 1 53 0
 153              		.cfi_startproc
 154              		@ args = 0, pretend = 0, frame = 0
 155              		@ frame_needed = 0, uses_anonymous_args = 0
 156 0000 08B5     		push	{r3, lr}
 157              	.LCFI0:
 158              		.cfi_def_cfa_offset 8
 159              		.cfi_offset 3, -8
 160              		.cfi_offset 14, -4
  54:main.c        **** 	RCCConfig();
 161              		.loc 1 54 0
 162 0002 FFF7FEFF 		bl	RCCConfig
 163              	.LVL0:
  55:main.c        **** 	GPIOConfig();
 164              		.loc 1 55 0
 165 0006 FFF7FEFF 		bl	GPIOConfig
 166              	.LVL1:
  56:main.c        **** 	USBConfig();
 167              		.loc 1 56 0
 168 000a FFF7FEFF 		bl	USBConfig
 169              	.LVL2:
 170 000e 08BD     		pop	{r3, pc}
 171              		.cfi_endproc
 172              	.LFE31:
 174              		.section	.text.main,"ax",%progbits
 175              		.align	2
 176              		.global	main
 177              		.thumb
 178              		.thumb_func
ARM GAS  /tmp/cc4G1Wky.s 			page 5


 180              	main:
 181              	.LFB32:
  57:main.c        **** 
  58:main.c        **** }
  59:main.c        **** 
  60:main.c        **** int main(void){
 182              		.loc 1 60 0
 183              		.cfi_startproc
 184              		@ args = 0, pretend = 0, frame = 0
 185              		@ frame_needed = 0, uses_anonymous_args = 0
 186 0000 08B5     		push	{r3, lr}
 187              	.LCFI1:
 188              		.cfi_def_cfa_offset 8
 189              		.cfi_offset 3, -8
 190              		.cfi_offset 14, -4
  61:main.c        **** 	Config(); 
 191              		.loc 1 61 0
 192 0002 FFF7FEFF 		bl	Config
 193              	.LVL3:
  62:main.c        **** 	*buffSend = 0x30;
 194              		.loc 1 62 0
 195 0006 094B     		ldr	r3, .L17
 196 0008 3022     		movs	r2, #48
 197 000a 1A60     		str	r2, [r3]
  63:main.c        **** 	*(buffSend + 1) = 0x31;
 198              		.loc 1 63 0
 199 000c 3122     		movs	r2, #49
 200 000e 5A60     		str	r2, [r3, #4]
  64:main.c        **** 	*(buffSend + 2) = 0x32;
 201              		.loc 1 64 0
 202 0010 3222     		movs	r2, #50
 203 0012 9A60     		str	r2, [r3, #8]
  65:main.c        **** 	*(buffSend + 3) = 0x33;
 204              		.loc 1 65 0
 205 0014 3322     		movs	r2, #51
 206 0016 DA60     		str	r2, [r3, #12]
 207              	.L15:
  66:main.c        **** 	while(1) {
  67:main.c        **** 		USBSendData(buffSend);
 208              		.loc 1 67 0
 209 0018 0448     		ldr	r0, .L17
 210 001a FFF7FEFF 		bl	USBSendData
 211              	.LVL4:
 212              	.LBB2:
  68:main.c        **** 		for (int i = 0; i < 0xfffff; ++i)
 213              		.loc 1 68 0
 214 001e 0023     		movs	r3, #0
 215 0020 00E0     		b	.L13
 216              	.LVL5:
 217              	.L14:
 218              		.loc 1 68 0 is_stmt 0 discriminator 3
 219 0022 0133     		adds	r3, r3, #1
 220              	.LVL6:
 221              	.L13:
 222              		.loc 1 68 0 discriminator 1
 223 0024 024A     		ldr	r2, .L17+4
 224 0026 9342     		cmp	r3, r2
ARM GAS  /tmp/cc4G1Wky.s 			page 6


 225 0028 FBDD     		ble	.L14
 226 002a F5E7     		b	.L15
 227              	.L18:
 228              		.align	2
 229              	.L17:
 230 002c 00000000 		.word	buffSend
 231 0030 FEFF0F00 		.word	1048574
 232              	.LBE2:
 233              		.cfi_endproc
 234              	.LFE32:
 236              		.comm	buffSend,256,4
 237              		.text
 238              	.Letext0:
 239              		.file 2 "/usr/include/newlib/machine/_default_types.h"
 240              		.file 3 "/usr/include/newlib/sys/_stdint.h"
 241              		.file 4 "library/cmsis/inc/stm32f103xb.h"
 242              		.file 5 "library/cmsis/inc/core_cm3.h"
 243              		.file 6 "library/usb/usb.h"
ARM GAS  /tmp/cc4G1Wky.s 			page 7


DEFINED SYMBOLS
                            *ABS*:0000000000000000 main.c
     /tmp/cc4G1Wky.s:20     .text.RCCConfig:0000000000000000 $t
     /tmp/cc4G1Wky.s:25     .text.RCCConfig:0000000000000000 RCCConfig
     /tmp/cc4G1Wky.s:108    .text.RCCConfig:000000000000008c $d
     /tmp/cc4G1Wky.s:114    .text.GPIOConfig:0000000000000000 $t
     /tmp/cc4G1Wky.s:119    .text.GPIOConfig:0000000000000000 GPIOConfig
     /tmp/cc4G1Wky.s:140    .text.GPIOConfig:0000000000000018 $d
     /tmp/cc4G1Wky.s:145    .text.Config:0000000000000000 $t
     /tmp/cc4G1Wky.s:150    .text.Config:0000000000000000 Config
     /tmp/cc4G1Wky.s:175    .text.main:0000000000000000 $t
     /tmp/cc4G1Wky.s:180    .text.main:0000000000000000 main
     /tmp/cc4G1Wky.s:230    .text.main:000000000000002c $d
                            *COM*:0000000000000100 buffSend
                     .debug_frame:0000000000000010 $d

UNDEFINED SYMBOLS
USBConfig
USBSendData
