ARM GAS  /tmp/ccc8mIoI.s 			page 1


   1              		.syntax unified
   2              		.cpu cortex-m3
   3              		.fpu softvfp
   4              		.eabi_attribute 20, 1
   5              		.eabi_attribute 21, 1
   6              		.eabi_attribute 23, 3
   7              		.eabi_attribute 24, 1
   8              		.eabi_attribute 25, 1
   9              		.eabi_attribute 26, 1
  10              		.eabi_attribute 30, 1
  11              		.eabi_attribute 34, 1
  12              		.eabi_attribute 18, 4
  13              		.thumb
  14              		.syntax unified
  15              		.file	"usb_desc.c"
  16              		.text
  17              	.Ltext0:
  18              		.cfi_sections	.debug_frame
  19              		.global	descHIDReport
  20              		.global	descStringInterface
  21              		.global	descStringConfig
  22              		.global	descStringSerialNumber
  23              		.global	descStringMFC
  24              		.global	descStringProduct
  25              		.global	descStringLangID
  26              		.global	descConfiguration
  27              		.global	descDeviceQualifier
  28              		.global	descDevice
  29              		.section	.data.descStringInterface,"aw",%progbits
  30              		.align	2
  33              	descStringInterface:
  34 0000 16       		.byte	22
  35 0001 03       		.byte	3
  36 0002 43       		.byte	67
  37 0003 75       		.byte	117
  38 0004 73       		.byte	115
  39 0005 74       		.byte	116
  40 0006 6F       		.byte	111
  41 0007 6D       		.byte	109
  42 0008 20       		.byte	32
  43 0009 48       		.byte	72
  44 000a 49       		.byte	73
  45 000b 44       		.byte	68
  46 000c 20       		.byte	32
  47 000d 49       		.byte	73
  48 000e 6E       		.byte	110
  49 000f 74       		.byte	116
  50 0010 65       		.byte	101
  51 0011 72       		.byte	114
  52 0012 66       		.byte	102
  53 0013 61       		.byte	97
  54 0014 63       		.byte	99
  55 0015 65       		.byte	101
  56              		.section	.data.descStringLangID,"aw",%progbits
  57              		.align	2
  60              	descStringLangID:
  61 0000 04       		.byte	4
ARM GAS  /tmp/ccc8mIoI.s 			page 2


  62 0001 03       		.byte	3
  63 0002 09       		.byte	9
  64 0003 04       		.byte	4
  65              		.section	.data.descStringMFC,"aw",%progbits
  66              		.align	2
  69              	descStringMFC:
  70 0000 0E       		.byte	14
  71 0001 03       		.byte	3
  72 0002 53       		.byte	83
  73 0003 54       		.byte	84
  74 0004 4D       		.byte	77
  75 0005 33       		.byte	51
  76 0006 32       		.byte	50
  77 0007 20       		.byte	32
  78 0008 44       		.byte	68
  79 0009 65       		.byte	101
  80 000a 76       		.byte	118
  81 000b 69       		.byte	105
  82 000c 63       		.byte	99
  83 000d 65       		.byte	101
  84              		.section	.data.descConfiguration,"aw",%progbits
  85              		.align	2
  88              	descConfiguration:
  89 0000 09       		.byte	9
  90 0001 02       		.byte	2
  91 0002 29       		.byte	41
  92 0003 00       		.byte	0
  93 0004 01       		.byte	1
  94 0005 01       		.byte	1
  95 0006 00       		.byte	0
  96 0007 C0       		.byte	-64
  97 0008 32       		.byte	50
  98 0009 09       		.byte	9
  99 000a 04       		.byte	4
 100 000b 00       		.byte	0
 101 000c 00       		.byte	0
 102 000d 02       		.byte	2
 103 000e 03       		.byte	3
 104 000f 00       		.byte	0
 105 0010 00       		.byte	0
 106 0011 00       		.byte	0
 107 0012 09       		.byte	9
 108 0013 21       		.byte	33
 109 0014 01       		.byte	1
 110 0015 01       		.byte	1
 111 0016 00       		.byte	0
 112 0017 01       		.byte	1
 113 0018 22       		.byte	34
 114 0019 4F       		.byte	79
 115 001a 00       		.byte	0
 116 001b 07       		.byte	7
 117 001c 05       		.byte	5
 118 001d 01       		.byte	1
 119 001e 03       		.byte	3
 120 001f 08       		.byte	8
 121 0020 00       		.byte	0
 122 0021 20       		.byte	32
ARM GAS  /tmp/ccc8mIoI.s 			page 3


 123 0022 07       		.byte	7
 124 0023 05       		.byte	5
 125 0024 02       		.byte	2
 126 0025 03       		.byte	3
 127 0026 08       		.byte	8
 128 0027 00       		.byte	0
 129 0028 20       		.byte	32
 130              		.section	.data.descHIDReport,"aw",%progbits
 131              		.align	2
 134              	descHIDReport:
 135 0000 06       		.byte	6
 136 0001 00       		.byte	0
 137 0002 FF       		.byte	-1
 138 0003 09       		.byte	9
 139 0004 01       		.byte	1
 140 0005 A1       		.byte	-95
 141 0006 01       		.byte	1
 142 0007 85       		.byte	-123
 143 0008 01       		.byte	1
 144 0009 09       		.byte	9
 145 000a 01       		.byte	1
 146 000b 15       		.byte	21
 147 000c 00       		.byte	0
 148 000d 25       		.byte	37
 149 000e 01       		.byte	1
 150 000f 75       		.byte	117
 151 0010 08       		.byte	8
 152 0011 95       		.byte	-107
 153 0012 01       		.byte	1
 154 0013 B1       		.byte	-79
 155 0014 82       		.byte	-126
 156 0015 85       		.byte	-123
 157 0016 01       		.byte	1
 158 0017 09       		.byte	9
 159 0018 01       		.byte	1
 160 0019 91       		.byte	-111
 161 001a 82       		.byte	-126
 162 001b 85       		.byte	-123
 163 001c 02       		.byte	2
 164 001d 09       		.byte	9
 165 001e 02       		.byte	2
 166 001f 15       		.byte	21
 167 0020 00       		.byte	0
 168 0021 25       		.byte	37
 169 0022 01       		.byte	1
 170 0023 75       		.byte	117
 171 0024 08       		.byte	8
 172 0025 95       		.byte	-107
 173 0026 01       		.byte	1
 174 0027 B1       		.byte	-79
 175 0028 82       		.byte	-126
 176 0029 85       		.byte	-123
 177 002a 02       		.byte	2
 178 002b 09       		.byte	9
 179 002c 02       		.byte	2
 180 002d 91       		.byte	-111
 181 002e 82       		.byte	-126
ARM GAS  /tmp/ccc8mIoI.s 			page 4


 182 002f 85       		.byte	-123
 183 0030 03       		.byte	3
 184 0031 09       		.byte	9
 185 0032 03       		.byte	3
 186 0033 15       		.byte	21
 187 0034 00       		.byte	0
 188 0035 26       		.byte	38
 189 0036 FF       		.byte	-1
 190 0037 00       		.byte	0
 191 0038 75       		.byte	117
 192 0039 08       		.byte	8
 193 003a 95       		.byte	-107
 194 003b 01       		.byte	1
 195 003c B1       		.byte	-79
 196 003d 82       		.byte	-126
 197 003e 85       		.byte	-123
 198 003f 03       		.byte	3
 199 0040 09       		.byte	9
 200 0041 03       		.byte	3
 201 0042 91       		.byte	-111
 202 0043 82       		.byte	-126
 203 0044 85       		.byte	-123
 204 0045 04       		.byte	4
 205 0046 09       		.byte	9
 206 0047 04       		.byte	4
 207 0048 75       		.byte	117
 208 0049 08       		.byte	8
 209 004a 95       		.byte	-107
 210 004b 04       		.byte	4
 211 004c 81       		.byte	-127
 212 004d 82       		.byte	-126
 213 004e C0       		.byte	-64
 214              		.section	.data.descStringProduct,"aw",%progbits
 215              		.align	2
 218              	descStringProduct:
 219 0000 04       		.byte	4
 220 0001 03       		.byte	3
 221 0002 53       		.byte	83
 222 0003 54       		.byte	84
 223 0004 4D       		.byte	77
 224 0005 33       		.byte	51
 225 0006 32       		.byte	50
 226 0007 20       		.byte	32
 227 0008 43       		.byte	67
 228 0009 75       		.byte	117
 229 000a 73       		.byte	115
 230 000b 74       		.byte	116
 231 000c 6F       		.byte	111
 232 000d 6D       		.byte	109
 233 000e 20       		.byte	32
 234 000f 48       		.byte	72
 235 0010 49       		.byte	73
 236 0011 44       		.byte	68
 237              		.section	.data.descStringSerialNumber,"aw",%progbits
 238              		.align	2
 241              	descStringSerialNumber:
 242 0000 0E       		.byte	14
ARM GAS  /tmp/ccc8mIoI.s 			page 5


 243 0001 03       		.byte	3
 244 0002 30       		.byte	48
 245 0003 30       		.byte	48
 246 0004 30       		.byte	48
 247 0005 30       		.byte	48
 248 0006 30       		.byte	48
 249 0007 30       		.byte	48
 250 0008 30       		.byte	48
 251 0009 30       		.byte	48
 252 000a 30       		.byte	48
 253 000b 30       		.byte	48
 254 000c 31       		.byte	49
 255 000d 41       		.byte	65
 256              		.section	.data.descDeviceQualifier,"aw",%progbits
 257              		.align	2
 260              	descDeviceQualifier:
 261 0000 0A       		.byte	10
 262 0001 0A       		.byte	10
 263 0002 00       		.byte	0
 264 0003 02       		.byte	2
 265 0004 00       		.byte	0
 266 0005 00       		.byte	0
 267 0006 00       		.byte	0
 268 0007 40       		.byte	64
 269 0008 01       		.byte	1
 270 0009 00       		.byte	0
 271              		.section	.data.descStringConfig,"aw",%progbits
 272              		.align	2
 275              	descStringConfig:
 276 0000 13       		.byte	19
 277 0001 03       		.byte	3
 278 0002 43       		.byte	67
 279 0003 75       		.byte	117
 280 0004 73       		.byte	115
 281 0005 74       		.byte	116
 282 0006 6F       		.byte	111
 283 0007 6D       		.byte	109
 284 0008 20       		.byte	32
 285 0009 48       		.byte	72
 286 000a 49       		.byte	73
 287 000b 44       		.byte	68
 288 000c 20       		.byte	32
 289 000d 43       		.byte	67
 290 000e 6F       		.byte	111
 291 000f 6E       		.byte	110
 292 0010 66       		.byte	102
 293 0011 69       		.byte	105
 294 0012 67       		.byte	103
 295              		.section	.data.descDevice,"aw",%progbits
 296              		.align	2
 299              	descDevice:
 300 0000 12       		.byte	18
 301 0001 01       		.byte	1
 302 0002 00       		.byte	0
 303 0003 02       		.byte	2
 304 0004 00       		.byte	0
 305 0005 00       		.byte	0
ARM GAS  /tmp/ccc8mIoI.s 			page 6


 306 0006 00       		.byte	0
 307 0007 40       		.byte	64
 308 0008 83       		.byte	-125
 309 0009 04       		.byte	4
 310 000a 50       		.byte	80
 311 000b 57       		.byte	87
 312 000c 00       		.byte	0
 313 000d 02       		.byte	2
 314 000e 01       		.byte	1
 315 000f 02       		.byte	2
 316 0010 03       		.byte	3
 317 0011 01       		.byte	1
 318              		.text
 319              	.Letext0:
 320              		.file 1 "/usr/include/newlib/machine/_default_types.h"
 321              		.file 2 "/usr/include/newlib/sys/_stdint.h"
 322              		.file 3 "library/usb/../cmsis/inc/core_cm3.h"
 323              		.file 4 "library/usb/usb_desc.c"
ARM GAS  /tmp/ccc8mIoI.s 			page 7


DEFINED SYMBOLS
                            *ABS*:0000000000000000 usb_desc.c
     /tmp/ccc8mIoI.s:134    .data.descHIDReport:0000000000000000 descHIDReport
     /tmp/ccc8mIoI.s:33     .data.descStringInterface:0000000000000000 descStringInterface
     /tmp/ccc8mIoI.s:275    .data.descStringConfig:0000000000000000 descStringConfig
     /tmp/ccc8mIoI.s:241    .data.descStringSerialNumber:0000000000000000 descStringSerialNumber
     /tmp/ccc8mIoI.s:69     .data.descStringMFC:0000000000000000 descStringMFC
     /tmp/ccc8mIoI.s:218    .data.descStringProduct:0000000000000000 descStringProduct
     /tmp/ccc8mIoI.s:60     .data.descStringLangID:0000000000000000 descStringLangID
     /tmp/ccc8mIoI.s:88     .data.descConfiguration:0000000000000000 descConfiguration
     /tmp/ccc8mIoI.s:260    .data.descDeviceQualifier:0000000000000000 descDeviceQualifier
     /tmp/ccc8mIoI.s:299    .data.descDevice:0000000000000000 descDevice
     /tmp/ccc8mIoI.s:30     .data.descStringInterface:0000000000000000 $d
     /tmp/ccc8mIoI.s:57     .data.descStringLangID:0000000000000000 $d
     /tmp/ccc8mIoI.s:66     .data.descStringMFC:0000000000000000 $d
     /tmp/ccc8mIoI.s:85     .data.descConfiguration:0000000000000000 $d
     /tmp/ccc8mIoI.s:131    .data.descHIDReport:0000000000000000 $d
     /tmp/ccc8mIoI.s:215    .data.descStringProduct:0000000000000000 $d
     /tmp/ccc8mIoI.s:238    .data.descStringSerialNumber:0000000000000000 $d
     /tmp/ccc8mIoI.s:257    .data.descDeviceQualifier:0000000000000000 $d
     /tmp/ccc8mIoI.s:272    .data.descStringConfig:0000000000000000 $d
     /tmp/ccc8mIoI.s:296    .data.descDevice:0000000000000000 $d

NO UNDEFINED SYMBOLS
